# JRE version: OpenJDK Runtime Environment (8.0_152-b01) (build 1.8.0_152-release-915-b01)
# Java VM: OpenJDK 64-Bit Server VM (25.152-b01 mixed mode linux-amd64 compressed oops)
Heap:
 PSYoungGen      total 550400K, used 103439K [0x000000076cf80000, 0x000000079db80000, 0x00000007c0000000)
  eden space 509440K, 20% used [0x000000076cf80000,0x0000000773483c78,0x000000078c100000)
  from space 40960K, 0% used [0x000000078c100000,0x000000078c100000,0x000000078e900000)
  to   space 39936K, 0% used [0x000000079b480000,0x000000079b480000,0x000000079db80000)
 ParOldGen       total 223744K, used 79190K [0x00000006c6e00000, 0x00000006d4880000, 0x000000076cf80000)
  object space 223744K, 35% used [0x00000006c6e00000,0x00000006cbb55b30,0x00000006d4880000)
 Metaspace       used 36991K, capacity 38648K, committed 38864K, reserved 1083392K
  class space    used 4023K, capacity 4551K, committed 4608K, reserved 1048576K
GC Heap History (10 events):
Event: 6.921 GC heap before
{Heap before GC invocations=7 (full 0):
 PSYoungGen      total 271360K, used 270842K [0x000000076cf80000, 0x000000077f180000, 0x00000007c0000000)
  eden space 254976K, 100% used [0x000000076cf80000,0x000000077c880000,0x000000077c880000)
  from space 16384K, 96% used [0x000000077db80000,0x000000077eafeaa0,0x000000077eb80000)
  to   space 19456K, 0% used [0x000000077c880000,0x000000077c880000,0x000000077db80000)
 ParOldGen       total 171008K, used 9753K [0x00000006c6e00000, 0x00000006d1500000, 0x000000076cf80000)
  object space 171008K, 5% used [0x00000006c6e00000,0x00000006c7786448,0x00000006d1500000)
 Metaspace       used 20695K, capacity 21454K, committed 21504K, reserved 1069056K
  class space    used 1977K, capacity 2268K, committed 2304K, reserved 1048576K
Event: 6.972 GC heap after
Heap after GC invocations=7 (full 0):
 PSYoungGen      total 274432K, used 19432K [0x000000076cf80000, 0x0000000791080000, 0x00000007c0000000)
  eden space 254976K, 0% used [0x000000076cf80000,0x000000076cf80000,0x000000077c880000)
  from space 19456K, 99% used [0x000000077c880000,0x000000077db7a240,0x000000077db80000)
  to   space 40448K, 0% used [0x000000078e900000,0x000000078e900000,0x0000000791080000)
 ParOldGen       total 171008K, used 45101K [0x00000006c6e00000, 0x00000006d1500000, 0x000000076cf80000)
  object space 171008K, 26% used [0x00000006c6e00000,0x00000006c9a0b778,0x00000006d1500000)
 Metaspace       used 20695K, capacity 21454K, committed 21504K, reserved 1069056K
  class space    used 1977K, capacity 2268K, committed 2304K, reserved 1048576K
}
Event: 7.067 GC heap before
{Heap before GC invocations=8 (full 0):
 PSYoungGen      total 274432K, used 63757K [0x000000076cf80000, 0x0000000791080000, 0x00000007c0000000)
  eden space 254976K, 17% used [0x000000076cf80000,0x000000076fac95a0,0x000000077c880000)
  from space 19456K, 99% used [0x000000077c880000,0x000000077db7a240,0x000000077db80000)
  to   space 40448K, 0% used [0x000000078e900000,0x000000078e900000,0x0000000791080000)
 ParOldGen       total 171008K, used 45101K [0x00000006c6e00000, 0x00000006d1500000, 0x000000076cf80000)
  object space 171008K, 26% used [0x00000006c6e00000,0x00000006c9a0b778,0x00000006d1500000)
 Metaspace       used 20820K, capacity 21518K, committed 21628K, reserved 1069056K
  class space    used 1987K, capacity 2268K, committed 2304K, reserved 1048576K
Event: 7.096 GC heap after
Heap after GC invocations=8 (full 0):
 PSYoungGen      total 549888K, used 23944K [0x000000076cf80000, 0x0000000791180000, 0x00000007c0000000)
  eden space 509440K, 0% used [0x000000076cf80000,0x000000076cf80000,0x000000078c100000)
  from space 40448K, 59% used [0x000000078e900000,0x0000000790062240,0x0000000791080000)
  to   space 40960K, 0% used [0x000000078c100000,0x000000078c100000,0x000000078e900000)
 ParOldGen       total 171008K, used 45557K [0x00000006c6e00000, 0x00000006d1500000, 0x000000076cf80000)
  object space 171008K, 26% used [0x00000006c6e00000,0x00000006c9a7d778,0x00000006d1500000)
 Metaspace       used 20820K, capacity 21518K, committed 21628K, reserved 1069056K
  class space    used 1987K, capacity 2268K, committed 2304K, reserved 1048576K
}
Event: 7.096 GC heap before
{Heap before GC invocations=9 (full 1):
 PSYoungGen      total 549888K, used 23944K [0x000000076cf80000, 0x0000000791180000, 0x00000007c0000000)
  eden space 509440K, 0% used [0x000000076cf80000,0x000000076cf80000,0x000000078c100000)
  from space 40448K, 59% used [0x000000078e900000,0x0000000790062240,0x0000000791080000)
  to   space 40960K, 0% used [0x000000078c100000,0x000000078c100000,0x000000078e900000)
 ParOldGen       total 171008K, used 45557K [0x00000006c6e00000, 0x00000006d1500000, 0x000000076cf80000)
  object space 171008K, 26% used [0x00000006c6e00000,0x00000006c9a7d778,0x00000006d1500000)
 Metaspace       used 20820K, capacity 21518K, committed 21628K, reserved 1069056K
  class space    used 1987K, capacity 2268K, committed 2304K, reserved 1048576K
Event: 7.308 GC heap after
Heap after GC invocations=9 (full 1):
 PSYoungGen      total 549888K, used 0K [0x000000076cf80000, 0x0000000791180000, 0x00000007c0000000)
  eden space 509440K, 0% used [0x000000076cf80000,0x000000076cf80000,0x000000078c100000)
  from space 40448K, 0% used [0x000000078e900000,0x000000078e900000,0x0000000791080000)
  to   space 40960K, 0% used [0x000000078c100000,0x000000078c100000,0x000000078e900000)
 ParOldGen       total 163328K, used 59559K [0x00000006c6e00000, 0x00000006d0d80000, 0x000000076cf80000)
  object space 163328K, 36% used [0x00000006c6e00000,0x00000006ca829ed8,0x00000006d0d80000)
 Metaspace       used 20820K, capacity 21518K, committed 21628K, reserved 1069056K
  class space    used 1987K, capacity 2268K, committed 2304K, reserved 1048576K
}
Event: 10.403 GC heap before
{Heap before GC invocations=10 (full 1):
 PSYoungGen      total 549888K, used 498214K [0x000000076cf80000, 0x0000000791180000, 0x00000007c0000000)
  eden space 509440K, 97% used [0x000000076cf80000,0x000000078b609b78,0x000000078c100000)
  from space 40448K, 0% used [0x000000078e900000,0x000000078e900000,0x0000000791080000)
  to   space 40960K, 0% used [0x000000078c100000,0x000000078c100000,0x000000078e900000)
 ParOldGen       total 163328K, used 59559K [0x00000006c6e00000, 0x00000006d0d80000, 0x000000076cf80000)
  object space 163328K, 36% used [0x00000006c6e00000,0x00000006ca829ed8,0x00000006d0d80000)
 Metaspace       used 34337K, capacity 35956K, committed 36048K, reserved 1081344K
  class space    used 3549K, capacity 4065K, committed 4096K, reserved 1048576K
Event: 10.431 GC heap after
Heap after GC invocations=10 (full 1):
 PSYoungGen      total 550400K, used 20998K [0x000000076cf80000, 0x000000079db80000, 0x00000007c0000000)
  eden space 509440K, 0% used [0x000000076cf80000,0x000000076cf80000,0x000000078c100000)
  from space 40960K, 51% used [0x000000078c100000,0x000000078d5818b8,0x000000078e900000)
  to   space 39936K, 0% used [0x000000079b480000,0x000000079b480000,0x000000079db80000)
 ParOldGen       total 163328K, used 59567K [0x00000006c6e00000, 0x00000006d0d80000, 0x000000076cf80000)
  object space 163328K, 36% used [0x00000006c6e00000,0x00000006ca82bed8,0x00000006d0d80000)
 Metaspace       used 34337K, capacity 35956K, committed 36048K, reserved 1081344K
  class space    used 3549K, capacity 4065K, committed 4096K, reserved 1048576K
}
Event: 10.431 GC heap before
{Heap before GC invocations=11 (full 2):
 PSYoungGen      total 550400K, used 20998K [0x000000076cf80000, 0x000000079db80000, 0x00000007c0000000)
  eden space 509440K, 0% used [0x000000076cf80000,0x000000076cf80000,0x000000078c100000)
  from space 40960K, 51% used [0x000000078c100000,0x000000078d5818b8,0x000000078e900000)
  to   space 39936K, 0% used [0x000000079b480000,0x000000079b480000,0x000000079db80000)
 ParOldGen       total 163328K, used 59567K [0x00000006c6e00000, 0x00000006d0d80000, 0x000000076cf80000)
  object space 163328K, 36% used [0x00000006c6e00000,0x00000006ca82bed8,0x00000006d0d80000)
 Metaspace       used 34337K, capacity 35956K, committed 36048K, reserved 1081344K
  class space    used 3549K, capacity 4065K, committed 4096K, reserved 1048576K
Event: 10.768 GC heap after
Heap after GC invocations=11 (full 2):
 PSYoungGen      total 550400K, used 0K [0x000000076cf80000, 0x000000079db80000, 0x00000007c0000000)
  eden space 509440K, 0% used [0x000000076cf80000,0x000000076cf80000,0x000000078c100000)
  from space 40960K, 0% used [0x000000078c100000,0x000000078c100000,0x000000078e900000)
  to   space 39936K, 0% used [0x000000079b480000,0x000000079b480000,0x000000079db80000)
 ParOldGen       total 223744K, used 79190K [0x00000006c6e00000, 0x00000006d4880000, 0x000000076cf80000)
  object space 223744K, 35% used [0x00000006c6e00000,0x00000006cbb55b30,0x00000006d4880000)
 Metaspace       used 34337K, capacity 35956K, committed 36048K, reserved 1081344K
  class space    used 3549K, capacity 4065K, committed 4096K, reserved 1048576K
}

